\BOOKMARK [1][-]{section.1}{Introduction}{}% 1
\BOOKMARK [2][-]{subsection.1.1}{Ordinary Differential Equations}{section.1}% 2
\BOOKMARK [2][-]{subsection.1.2}{Normal Forms}{section.1}% 3
\BOOKMARK [2][-]{subsection.1.3}{Initial Value Problems}{section.1}% 4
\BOOKMARK [2][-]{subsection.1.4}{Interval of Existence}{section.1}% 5
\BOOKMARK [2][-]{subsection.1.5}{Geometric Meaning}{section.1}% 6
\BOOKMARK [2][-]{subsection.1.6}{Direction Fields}{section.1}% 7
\BOOKMARK [2][-]{subsection.1.7}{Qualitative Methods}{section.1}% 8
\BOOKMARK [1][-]{section.2}{Separable Equations}{}% 9
\BOOKMARK [2][-]{subsection.2.1}{Motivation}{section.2}% 10
\BOOKMARK [2][-]{subsection.2.2}{``Proof''}{section.2}% 11
\BOOKMARK [2][-]{subsection.2.3}{Using Definite Integration \(Newton's Law of Cooling\)}{section.2}% 12
\BOOKMARK [2][-]{subsection.2.4}{Implicitly Defined Solutions}{section.2}% 13
\BOOKMARK [1][-]{section.3}{Linear Equations}{}% 14
\BOOKMARK [2][-]{subsection.3.1}{Introduction}{section.3}% 15
\BOOKMARK [2][-]{subsection.3.2}{Solutions to Homogeneous Linear Equations}{section.3}% 16
\BOOKMARK [2][-]{subsection.3.3}{Solutions to Inhomogeneous Equations}{section.3}% 17
\BOOKMARK [3][-]{subsubsection.3.3.1}{Integrating Factors}{subsection.3.3}% 18
\BOOKMARK [3][-]{subsubsection.3.3.2}{Variation of Parameters}{subsection.3.3}% 19
\BOOKMARK [3][-]{subsubsection.3.3.3}{Structure of Solutions}{subsection.3.3}% 20
\BOOKMARK [2][-]{subsection.3.4}{Mixing Problems}{section.3}% 21
\BOOKMARK [1][-]{section.4}{Exact Differential Equations}{}% 22
\BOOKMARK [2][-]{subsection.4.1}{Introduction}{section.4}% 23
